<?xml version="1.0" encoding="UTF-8"?>
<!-- Generated by org.testng.reporters.JUnitXMLReporter -->
<testsuite ignored="0" hostname="DESKTOP-AIT756L" failures="0" tests="3" name="Default test" time="39.975" errors="0" timestamp="2023-04-10T10:13:23 IST">
  <testcase classname="testclasses.TestCases" name="test_homeLoan" time="13.184"/>
  <testcase classname="testclasses.TestCases" name="test_carLoan" time="10.499"/>
  <testcase classname="testclasses.TestCases" name="test_EmiCalculator" time="14.04"/>
</testsuite> <!-- Default test -->
